INFO: [VRFC 10-2263] Analyzing SystemVerilog file "C:/Users/Minh Dinh/Documents/GitHub/Pipelined-MIPS-Processor/Pipeline_Processor_32_Bit.srcs/sources_1/new/Pipeline_Processor_32_Bit.sv" into library xil_defaultlib
INFO: [VRFC 10-311] analyzing module Pipeline_Processor_32_Bit
INFO: [VRFC 10-2263] Analyzing SystemVerilog file "C:/Users/Minh Dinh/Documents/GitHub/Pipelined-MIPS-Processor/Pipeline_Processor_32_Bit.srcs/sources_1/new/alu.sv" into library xil_defaultlib
INFO: [VRFC 10-311] analyzing module alu
INFO: [VRFC 10-2263] Analyzing SystemVerilog file "C:/Users/Minh Dinh/Documents/GitHub/Pipelined-MIPS-Processor/Pipeline_Processor_32_Bit.srcs/sources_1/new/alu_control.sv" into library xil_defaultlib
INFO: [VRFC 10-311] analyzing module alu_control
INFO: [VRFC 10-2263] Analyzing SystemVerilog file "C:/Users/Minh Dinh/Documents/GitHub/Pipelined-MIPS-Processor/Pipeline_Processor_32_Bit.srcs/sources_1/new/control_unit.sv" into library xil_defaultlib
INFO: [VRFC 10-311] analyzing module control_unit
INFO: [VRFC 10-2263] Analyzing SystemVerilog file "C:/Users/Minh Dinh/Documents/GitHub/Pipelined-MIPS-Processor/Pipeline_Processor_32_Bit.srcs/sources_1/new/data_mem.sv" into library xil_defaultlib
INFO: [VRFC 10-311] analyzing module data_mem
INFO: [VRFC 10-2263] Analyzing SystemVerilog file "C:/Users/Minh Dinh/Documents/GitHub/Pipelined-MIPS-Processor/Pipeline_Processor_32_Bit.srcs/sources_1/new/ex_mem_reg.sv" into library xil_defaultlib
INFO: [VRFC 10-311] analyzing module ex_mem_reg
INFO: [VRFC 10-2263] Analyzing SystemVerilog file "C:/Users/Minh Dinh/Documents/GitHub/Pipelined-MIPS-Processor/Pipeline_Processor_32_Bit.srcs/sources_1/new/forwarding_unit.sv" into library xil_defaultlib
INFO: [VRFC 10-311] analyzing module forwarding_unit
INFO: [VRFC 10-2263] Analyzing SystemVerilog file "C:/Users/Minh Dinh/Documents/GitHub/Pipelined-MIPS-Processor/Pipeline_Processor_32_Bit.srcs/sources_1/new/hazard_detection_unit.sv" into library xil_defaultlib
INFO: [VRFC 10-311] analyzing module hazard_detection_unit
INFO: [VRFC 10-2263] Analyzing SystemVerilog file "C:/Users/Minh Dinh/Documents/GitHub/Pipelined-MIPS-Processor/Pipeline_Processor_32_Bit.srcs/sources_1/new/id_ex_reg.sv" into library xil_defaultlib
INFO: [VRFC 10-311] analyzing module id_ex_reg
INFO: [VRFC 10-2263] Analyzing SystemVerilog file "C:/Users/Minh Dinh/Documents/GitHub/Pipelined-MIPS-Processor/Pipeline_Processor_32_Bit.srcs/sources_1/new/if_id_reg.sv" into library xil_defaultlib
INFO: [VRFC 10-311] analyzing module if_id_reg
INFO: [VRFC 10-2263] Analyzing SystemVerilog file "C:/Users/Minh Dinh/Documents/GitHub/Pipelined-MIPS-Processor/Pipeline_Processor_32_Bit.srcs/sources_1/new/imm_handle.sv" into library xil_defaultlib
INFO: [VRFC 10-311] analyzing module imm_handle
INFO: [VRFC 10-2263] Analyzing SystemVerilog file "C:/Users/Minh Dinh/Documents/GitHub/Pipelined-MIPS-Processor/Pipeline_Processor_32_Bit.srcs/sources_1/new/instr_mem.sv" into library xil_defaultlib
INFO: [VRFC 10-311] analyzing module instr_mem
INFO: [VRFC 10-2263] Analyzing SystemVerilog file "C:/Users/Minh Dinh/Documents/GitHub/Pipelined-MIPS-Processor/Pipeline_Processor_32_Bit.srcs/sources_1/new/mem_wb_reg.sv" into library xil_defaultlib
INFO: [VRFC 10-311] analyzing module mem_wb_reg
INFO: [VRFC 10-2263] Analyzing SystemVerilog file "C:/Users/Minh Dinh/Documents/GitHub/Pipelined-MIPS-Processor/Pipeline_Processor_32_Bit.srcs/sources_1/new/pc.sv" into library xil_defaultlib
INFO: [VRFC 10-311] analyzing module pc
INFO: [VRFC 10-2263] Analyzing SystemVerilog file "C:/Users/Minh Dinh/Documents/GitHub/Pipelined-MIPS-Processor/Pipeline_Processor_32_Bit.srcs/sources_1/new/pc_plus4.sv" into library xil_defaultlib
INFO: [VRFC 10-311] analyzing module pc_plus4
INFO: [VRFC 10-2263] Analyzing SystemVerilog file "C:/Users/Minh Dinh/Documents/GitHub/Pipelined-MIPS-Processor/Pipeline_Processor_32_Bit.srcs/sources_1/new/reg_file.sv" into library xil_defaultlib
INFO: [VRFC 10-311] analyzing module reg_file
INFO: [VRFC 10-2263] Analyzing SystemVerilog file "C:/Users/Minh Dinh/Documents/GitHub/Pipelined-MIPS-Processor/Pipeline_Processor_32_Bit.srcs/sources_1/new/writeback_mux.sv" into library xil_defaultlib
INFO: [VRFC 10-311] analyzing module writeback_mux
INFO: [VRFC 10-2263] Analyzing SystemVerilog file "C:/Users/Minh Dinh/Documents/GitHub/Pipelined-MIPS-Processor/Pipeline_Processor_32_Bit.srcs/sim_1/new/Pipeline_Processor_32_Bit_tb.sv" into library xil_defaultlib
INFO: [VRFC 10-311] analyzing module Pipeline_Processor_32_Bit_tb
