Vivado Simulator v2025.2
Copyright 1986-2022 Xilinx, Inc. All Rights Reserved.
Copyright 2022-2025 Advanced Micro Devices, Inc. All Rights Reserved.
Running: D:/UOP/2025.2/Vivado/bin/unwrapped/win64.o/xelab.exe --incr --debug typical --relax --mt 2 -L xil_defaultlib -L uvm -L unisims_ver -L unimacro_ver -L secureip --snapshot Pipeline_Processor_32_Bit_tb_behav xil_defaultlib.Pipeline_Processor_32_Bit_tb xil_defaultlib.glbl -log elaborate.log 
Using 2 slave threads.
Starting static elaboration
Pass Through NonSizing Optimizer
WARNING: [VRFC 10-3091] actual bit length 3 differs from formal bit length 2 for port 'alu_op' [C:/Users/Minh Dinh/Documents/GitHub/Pipelined-MIPS-Processor/Pipeline_Processor_32_Bit.srcs/sources_1/new/Pipeline_Processor_32_Bit.sv:110]
WARNING: [VRFC 10-3091] actual bit length 3 differs from formal bit length 2 for port 'alu_op_in' [C:/Users/Minh Dinh/Documents/GitHub/Pipelined-MIPS-Processor/Pipeline_Processor_32_Bit.srcs/sources_1/new/Pipeline_Processor_32_Bit.sv:120]
WARNING: [VRFC 10-3091] actual bit length 3 differs from formal bit length 2 for port 'alu_op_out' [C:/Users/Minh Dinh/Documents/GitHub/Pipelined-MIPS-Processor/Pipeline_Processor_32_Bit.srcs/sources_1/new/Pipeline_Processor_32_Bit.sv:125]
WARNING: [VRFC 10-3091] actual bit length 3 differs from formal bit length 2 for port 'alu_op' [C:/Users/Minh Dinh/Documents/GitHub/Pipelined-MIPS-Processor/Pipeline_Processor_32_Bit.srcs/sources_1/new/Pipeline_Processor_32_Bit.sv:132]
WARNING: [VRFC 10-3091] actual bit length 4 differs from formal bit length 3 for port 'alu_ctrl_signal' [C:/Users/Minh Dinh/Documents/GitHub/Pipelined-MIPS-Processor/Pipeline_Processor_32_Bit.srcs/sources_1/new/Pipeline_Processor_32_Bit.sv:153]
Completed static elaboration
Starting simulation data flow analysis
Completed simulation data flow analysis
Time Resolution for simulation is 1ps
Compiling module xil_defaultlib.pc
Compiling module xil_defaultlib.pc_plus4
Compiling module xil_defaultlib.instr_mem
Compiling module xil_defaultlib.if_id_reg
Compiling module xil_defaultlib.control_unit
Compiling module xil_defaultlib.reg_file
Compiling module xil_defaultlib.imm_handle
Compiling module xil_defaultlib.id_ex_reg
Compiling module xil_defaultlib.alu_control
Compiling module xil_defaultlib.alu
Compiling module xil_defaultlib.ex_mem_reg
Compiling module xil_defaultlib.data_mem
Compiling module xil_defaultlib.mem_wb_reg
Compiling module xil_defaultlib.writeback_mux
Compiling module xil_defaultlib.forwarding_unit
Compiling module xil_defaultlib.hazard_detection_unit
Compiling module xil_defaultlib.Pipeline_Processor_32_Bit
Compiling module xil_defaultlib.Pipeline_Processor_32_Bit_tb
Compiling module xil_defaultlib.glbl
Built simulation snapshot Pipeline_Processor_32_Bit_tb_behav
